CPUs: 64,  GPUs: 1
_CudaDeviceProperties(name='NVIDIA A800 80GB PCIe', major=8, minor=0, total_memory=81155MB, multi_processor_count=108)

AlphaDog: Side-1, Mode-AI, Wins-0  |  cuda
Learning Rate: 0.001,  Batch Size: 256
59632
Epoch-1,  Iters:98,  Time:67.8m
Loss: 6.0839 ~ 5.6219, 5.4134 + 0.2292

60000
Epoch-2,  Iters:83,  Time:66.9m
Loss: 5.8185 ~ 5.4266, 5.2155 + 0.2553

60000
Epoch-3,  Iters:63,  Time:60.5m
Loss: 5.6541 ~ 5.2166, 4.9354 + 0.3513

60000
Epoch-4,  Iters:59,  Time:53.7m
Loss: 5.3918 ~ 5.0590, 4.6587 + 0.4474

60000
Epoch-5,  Iters:54,  Time:47.6m
Loss: 5.1798 ~ 4.8894, 4.5126 + 0.5127

60000
Epoch-6,  Iters:23,  Time:45.2m
Loss: 4.9739 ~ 4.7801, 4.3715 + 0.6392

60000
Epoch-7,  Iters:19,  Time:47.6m
Loss: 5.3213 ~ 5.1265, 4.5866 + 0.5967

60000
Epoch-8,  Iters:25,  Time:40.0m
Loss: 5.0235 ~ 4.8851, 4.3852 + 0.6041

60000
Epoch-9,  Iters:34,  Time:45.3m
Loss: 5.0581 ~ 4.8212, 4.5017 + 0.5152

60000
Epoch-10,  Iters:31,  Time:35.9m
Loss: 4.7990 ~ 4.6519, 4.4288 + 0.2827
Model Saved

31864
Epoch-11,  Iters:24,  Time:40.0m
Loss: 4.5714 ~ 4.3382, 3.9581 + 0.4799

60000
Epoch-12,  Iters:27,  Time:37.7m
Loss: 4.6724 ~ 4.4389, 4.0946 + 0.4396

60000
Epoch-13,  Iters:19,  Time:32.1m
Loss: 4.5658 ~ 4.3591, 4.0401 + 0.4652

60000
Epoch-14,  Iters:19,  Time:33.7m
Loss: 4.3554 ~ 4.2307, 3.8559 + 0.3956

60000
Epoch-15,  Iters:41,  Time:27.3m
Loss: 4.2307 ~ 4.0390, 3.7814 + 0.3907

60000
Epoch-16,  Iters:22,  Time:25.4m
Loss: 4.1696 ~ 4.0005, 3.7433 + 0.4280

60000
Epoch-17,  Iters:26,  Time:22.3m
Loss: 4.1161 ~ 3.9441, 3.6849 + 0.5752

60000
Epoch-18,  Iters:14,  Time:32.0m
Loss: 4.2891 ~ 4.1821, 3.6908 + 0.5174

60000
Epoch-19,  Iters:32,  Time:21.8m
Loss: 4.0699 ~ 3.8768, 3.5106 + 0.5242

60000
Epoch-20,  Iters:11,  Time:23.9m
Loss: 4.0290 ~ 3.9340, 3.4319 + 0.5692
Model Saved

17928
Epoch-21,  Iters:52,  Time:24.5m
Loss: 4.0762 ~ 3.6779, 3.6289 + 0.2632

35320
Epoch-22,  Iters:53,  Time:24.6m
Loss: 3.9112 ~ 3.6852, 3.4545 + 0.3013

50592
Epoch-23,  Iters:23,  Time:21.5m
Loss: 3.8492 ~ 3.6311, 3.5808 + 0.3165

60000
Epoch-24,  Iters:26,  Time:22.5m
Loss: 3.8624 ~ 3.6736, 3.5255 + 0.3699

60000
Epoch-25,  Iters:17,  Time:24.9m
Loss: 3.8775 ~ 3.6795, 3.5177 + 0.3437

60000
Epoch-26,  Iters:20,  Time:20.0m
Loss: 3.8079 ~ 3.6383, 3.4363 + 0.4060

60000
Epoch-27,  Iters:42,  Time:24.9m
Loss: 3.9122 ~ 3.6088, 3.4092 + 0.3731

60000
Epoch-28,  Iters:21,  Time:23.6m
Loss: 3.8503 ~ 3.7062, 3.5016 + 0.3724

60000
Epoch-29,  Iters:24,  Time:24.7m
Loss: 3.9373 ~ 3.7992, 3.4746 + 0.3682

60000
Epoch-30,  Iters:11,  Time:24.6m
Loss: 3.9848 ~ 3.8115, 3.3248 + 0.5755
Model Saved

Training Completed