CPUs: 64,  GPUs: 1
_CudaDeviceProperties(name='NVIDIA A800 80GB PCIe', major=8, minor=0, total_memory=81092MB, multi_processor_count=108)

AlphaDog: Side-1, Mode-AI, Wins-0  |  cuda
Learning Rate: 0.0002,  Batch Size: 256
Epoch: 1
Buffer:19520,  Iters:26,  Time:63.7m
Loss: 3.9624 ~ 3.7619,  3.2039 + 0.7140

Epoch: 2
Buffer:39184,  Iters:12,  Time:63.3m
Loss: 3.7792 ~ 3.6239,  3.1230 + 0.6954

Epoch: 3
Buffer:40000,  Iters:27,  Time:64.1m
Loss: 3.6864 ~ 3.4830,  2.9578 + 0.6981

Epoch: 4
Buffer:40000,  Iters:13,  Time:61.6m
Loss: 3.6448 ~ 3.5243,  2.8477 + 0.7371

Epoch: 5
Buffer:40000,  Iters:21,  Time:64.2m
Loss: 3.5652 ~ 3.4055,  2.7718 + 0.8456

Epoch: 6
Buffer:17368,  Iters:9,  Time:60.4m
Loss: 3.4330 ~ 3.3219,  2.6222 + 0.8323

Epoch: 7
Buffer:34560,  Iters:31,  Time:60.5m
Loss: 3.3903 ~ 3.1910,  2.7162 + 0.7080

Epoch: 8
Buffer:40000,  Iters:20,  Time:52.9m
Loss: 3.2973 ~ 3.1345,  2.4962 + 0.7363

Epoch: 9
Buffer:40000,  Iters:18,  Time:55.8m
Loss: 3.3462 ~ 3.2481,  2.5634 + 0.8011

Epoch: 10
Buffer:40000,  Iters:9,  Time:55.8m
Loss: 3.3125 ~ 3.1990,  2.4578 + 0.7960
Model Saved

Epoch: 11
Buffer:17192,  Iters:34,  Time:60.1m
Loss: 3.2895 ~ 3.1155,  2.4389 + 0.8218

Epoch: 12
Buffer:32904,  Iters:32,  Time:56.8m
Loss: 3.1791 ~ 3.0409,  2.4016 + 0.7138

Epoch: 13
Buffer:40000,  Iters:10,  Time:66.1m
Loss: 3.2760 ~ 3.1619,  2.4577 + 0.7521

Epoch: 14
Buffer:40000,  Iters:14,  Time:67.2m
Loss: 3.3484 ~ 3.1993,  2.4954 + 0.8151

Epoch: 15
Buffer:40000,  Iters:11,  Time:67.9m
Loss: 3.4679 ~ 3.2999,  2.6526 + 0.9311

Epoch: 16
Buffer:15496,  Iters:19,  Time:56.8m
Loss: 2.9357 ~ 2.8045,  2.3186 + 0.6643

Epoch: 17
Buffer:34280,  Iters:18,  Time:66.7m
Loss: 3.1807 ~ 2.9662,  2.3866 + 0.7984

Epoch: 18
Buffer:40000,  Iters:11,  Time:70.7m
Loss: 3.3662 ~ 3.2311,  2.4520 + 0.8496

Epoch: 19
Buffer:40000,  Iters:28,  Time:64.6m
Loss: 3.2720 ~ 3.0954,  2.5927 + 0.7327

Epoch: 20
Buffer:40000,  Iters:16,  Time:70.2m
Loss: 3.2229 ~ 3.0884,  2.4881 + 0.8134
Model Saved

Epoch: 21
Buffer:18520,  Iters:12,  Time:67.4m
Loss: 3.1395 ~ 2.9910,  2.3133 + 0.7786

Epoch: 22
Buffer:35432,  Iters:11,  Time:64.7m
Loss: 2.9630 ~ 2.7984,  2.2735 + 0.7432

Epoch: 23
Buffer:40000,  Iters:13,  Time:64.7m
Loss: 3.0146 ~ 2.8360,  2.3040 + 0.6604

Epoch: 24
Buffer:40000,  Iters:11,  Time:67.3m
Loss: 3.2628 ~ 3.0939,  2.4889 + 0.8660

Epoch: 25
Buffer:40000,  Iters:13,  Time:74.6m
Loss: 3.4170 ~ 3.2930,  2.5413 + 0.8716